<?xml version="1.0" encoding="UTF-8"?>
<!-- Generated by org.testng.reporters.JUnitXMLReporter -->
<testsuite ignored="0" hostname="DESKTOP-FSPHPC9" failures="0" tests="4" name="Default test" time="0.068" errors="0" timestamp="2021-01-18T12:12:23 SAST">
  <testcase classname="Demo.Basic" name="Demo" time="0.01"/>
  <testcase classname="Demo.Basic" name="PracticeDataProviderAnnotation" time="0.003"/>
  <testcase classname="Demo.Basic" name="PracticeDataProviderAnnotation" time="0.002"/>
  <testcase classname="Demo.Basic" name="PracticeDataProviderAnnotation" time="0.001"/>
</testsuite> <!-- Default test -->
