<?xml version="1.0" encoding="UTF-8"?>
<!-- Generated by org.testng.reporters.JUnitXMLReporter -->
<testsuite ignored="1" hostname="DESKTOP-FSPHPC9" failures="0" tests="2" name="Car Loan" time="0.204" errors="0" timestamp="2021-01-18T22:55:58 SAST">
  <testcase classname="Demo.CarLoan" name="apiCarLoan" time="0.109"/>
  <testcase classname="Demo.CarLoan" name="webCarLoan" time="0.001"/>
  <testcase classname="Demo.CarLoan" name="mobileCarLoan" time="0.0">
    <ignored/>
  </testcase> <!-- mobileCarLoan -->
</testsuite> <!-- Car Loan -->
