<?xml version="1.0" encoding="UTF-8"?>
<!-- Generated by org.testng.reporters.JUnitXMLReporter -->
<testsuite ignored="0" hostname="DESKTOP-FSPHPC9" failures="0" tests="3" name="Home Loan" time="0.176" errors="0" timestamp="2021-01-18T22:55:58 SAST">
  <testcase classname="Demo.HomeLoan" name="apiHomeLoan" time="0.006"/>
  <testcase classname="Demo.HomeLoan" name="mobileHomeLoan" time="0.047"/>
  <testcase classname="Demo.HomeLoan" name="webHomeLoan" time="0.003"/>
</testsuite> <!-- Home Loan -->
