<?xml version="1.0" encoding="UTF-8"?>
<!-- Generated by org.testng.reporters.JUnitXMLReporter -->
<testsuite ignored="0" hostname="DESKTOP-FSPHPC9" failures="0" tests="4" name="Loan" time="0.211" errors="0" timestamp="2021-01-18T22:55:58 SAST">
  <testcase classname="Demo.Basic" name="Demo" time="0.03"/>
  <testcase classname="Demo.Basic" name="PracticeDataProviderAnnotation" time="0.005"/>
  <testcase classname="Demo.Basic" name="PracticeDataProviderAnnotation" time="0.003"/>
  <testcase classname="Demo.Basic" name="PracticeDataProviderAnnotation" time="0.007"/>
</testsuite> <!-- Loan -->
