<?xml version="1.0" encoding="UTF-8"?>
<!-- Generated by org.testng.reporters.JUnitXMLReporter -->
<testsuite ignored="1" hostname="DESKTOP-FSPHPC9" failures="0" tests="4" name="Other Loans" time="0.19" errors="0" timestamp="2021-01-18T22:55:58 SAST">
  <testcase classname="Demo.Banking" name="HomeB" time="0.014"/>
  <testcase classname="Demo.Banking" name="HomeC" time="0.005"/>
  <testcase classname="Demo.Banking" name="personalB" time="0.001"/>
  <testcase classname="Demo.Banking" name="personalC" time="0.002"/>
  <testcase classname="Demo.Banking" name="personalA" time="0.0">
    <ignored/>
  </testcase> <!-- personalA -->
</testsuite> <!-- Other Loans -->
