<?xml version="1.0" encoding="UTF-8"?>
<!-- Generated by org.testng.reporters.JUnitXMLReporter -->
<testsuite ignored="3" hostname="DESKTOP-FSPHPC9" failures="0" tests="0" time="0.016" errors="0" timestamp="2021-01-18T22:55:58 SAST">
  <testcase classname="Demo.PersonalLoan" name="mobilePersonalLoan" time="0.0">
    <ignored/>
  </testcase> <!-- mobilePersonalLoan -->
  <testcase classname="Demo.PersonalLoan" name="webPersonalLoan" time="0.0">
    <ignored/>
  </testcase> <!-- webPersonalLoan -->
  <testcase classname="Demo.PersonalLoan" name="apiPersonalLoan" time="0.0">
    <ignored/>
  </testcase> <!-- apiPersonalLoan -->
</testsuite>
