<?xml version="1.0" encoding="UTF-8"?>
<testng-results ignored="5" total="18" passed="13" failed="0" skipped="0">
  <reporter-output>
  </reporter-output>
  <suite started-at="2021-01-18T22:55:58 SAST" name="Loan System" finished-at="2021-01-18T22:55:58 SAST" duration-ms="214">
    <groups>
      <group name="groupname">
        <method signature="Banking.HomeC()[pri:0, instance:Demo.Banking@3246fb96]" name="HomeC" class="Demo.Banking"/>
      </group> <!-- groupname -->
    </groups>
    <test started-at="2021-01-18T22:55:58 SAST" name="Car Loan" finished-at="2021-01-18T22:55:58 SAST" duration-ms="204">
      <class name="Demo.CarLoan">
        <test-method is-config="true" signature="beforeMethod()[pri:0, instance:Demo.CarLoan@1bb266b3]" started-at="2021-01-18T22:55:58 SAST" name="beforeMethod" finished-at="2021-01-18T22:55:58 SAST" duration-ms="1" status="PASS">
          <reporter-output>
          </reporter-output>
        </test-method> <!-- beforeMethod -->
        <test-method signature="apiCarLoan()[pri:0, instance:Demo.CarLoan@1bb266b3]" started-at="2021-01-18T22:55:58 SAST" name="apiCarLoan" finished-at="2021-01-18T22:55:58 SAST" duration-ms="109" status="PASS">
          <reporter-output>
          </reporter-output>
        </test-method> <!-- apiCarLoan -->
        <test-method is-config="true" signature="afterMethod()[pri:0, instance:Demo.CarLoan@1bb266b3]" started-at="2021-01-18T22:55:58 SAST" name="afterMethod" finished-at="2021-01-18T22:55:58 SAST" duration-ms="0" status="PASS">
          <reporter-output>
          </reporter-output>
        </test-method> <!-- afterMethod -->
        <test-method is-config="true" signature="beforeMethod()[pri:0, instance:Demo.CarLoan@1bb266b3]" started-at="2021-01-18T22:55:58 SAST" name="beforeMethod" finished-at="2021-01-18T22:55:58 SAST" duration-ms="1" status="PASS">
          <reporter-output>
          </reporter-output>
        </test-method> <!-- beforeMethod -->
        <test-method signature="webCarLoan()[pri:0, instance:Demo.CarLoan@1bb266b3]" started-at="2021-01-18T22:55:58 SAST" name="webCarLoan" finished-at="2021-01-18T22:55:58 SAST" duration-ms="1" status="PASS">
          <reporter-output>
          </reporter-output>
        </test-method> <!-- webCarLoan -->
        <test-method is-config="true" signature="afterMethod()[pri:0, instance:Demo.CarLoan@1bb266b3]" started-at="2021-01-18T22:55:58 SAST" name="afterMethod" finished-at="2021-01-18T22:55:58 SAST" duration-ms="2" status="PASS">
          <reporter-output>
          </reporter-output>
        </test-method> <!-- afterMethod -->
      </class> <!-- Demo.CarLoan -->
    </test> <!-- Car Loan -->
    <test started-at="2021-01-18T22:55:58 SAST" name="Other Loans" finished-at="2021-01-18T22:55:58 SAST" duration-ms="190">
      <class name="Demo.Banking">
        <test-method is-config="true" signature="beforeSuite()[pri:0, instance:Demo.Banking@3246fb96]" started-at="2021-01-18T22:55:58 SAST" name="beforeSuite" finished-at="2021-01-18T22:55:58 SAST" duration-ms="56" status="PASS">
          <reporter-output>
          </reporter-output>
        </test-method> <!-- beforeSuite -->
        <test-method is-config="true" signature="beforeTest()[pri:0, instance:Demo.Banking@3246fb96]" started-at="2021-01-18T22:55:58 SAST" name="beforeTest" finished-at="2021-01-18T22:55:58 SAST" duration-ms="1" status="PASS">
          <reporter-output>
          </reporter-output>
        </test-method> <!-- beforeTest -->
        <test-method is-config="true" signature="beforeClass()[pri:0, instance:Demo.Banking@3246fb96]" started-at="2021-01-18T22:55:58 SAST" name="beforeClass" finished-at="2021-01-18T22:55:58 SAST" duration-ms="0" status="PASS">
          <reporter-output>
          </reporter-output>
        </test-method> <!-- beforeClass -->
        <test-method signature="HomeB()[pri:0, instance:Demo.Banking@3246fb96]" started-at="2021-01-18T22:55:58 SAST" name="HomeB" finished-at="2021-01-18T22:55:58 SAST" duration-ms="14" status="PASS">
          <reporter-output>
          </reporter-output>
        </test-method> <!-- HomeB -->
        <test-method signature="HomeC()[pri:0, instance:Demo.Banking@3246fb96]" started-at="2021-01-18T22:55:58 SAST" name="HomeC" finished-at="2021-01-18T22:55:58 SAST" duration-ms="5" status="PASS">
          <reporter-output>
          </reporter-output>
        </test-method> <!-- HomeC -->
        <test-method signature="personalB()[pri:0, instance:Demo.Banking@3246fb96]" started-at="2021-01-18T22:55:58 SAST" name="personalB" finished-at="2021-01-18T22:55:58 SAST" duration-ms="1" status="PASS">
          <reporter-output>
          </reporter-output>
        </test-method> <!-- personalB -->
        <test-method signature="personalC()[pri:0, instance:Demo.Banking@3246fb96]" started-at="2021-01-18T22:55:58 SAST" name="personalC" finished-at="2021-01-18T22:55:58 SAST" duration-ms="2" status="PASS">
          <reporter-output>
          </reporter-output>
        </test-method> <!-- personalC -->
        <test-method is-config="true" signature="afterClass()[pri:0, instance:Demo.Banking@3246fb96]" started-at="2021-01-18T22:55:58 SAST" name="afterClass" finished-at="2021-01-18T22:55:58 SAST" duration-ms="1" status="PASS">
          <reporter-output>
          </reporter-output>
        </test-method> <!-- afterClass -->
        <test-method is-config="true" signature="afterTest()[pri:0, instance:Demo.Banking@3246fb96]" started-at="2021-01-18T22:55:58 SAST" name="afterTest" finished-at="2021-01-18T22:55:58 SAST" duration-ms="1" status="PASS">
          <reporter-output>
          </reporter-output>
        </test-method> <!-- afterTest -->
        <test-method is-config="true" signature="afterSuite()[pri:0, instance:Demo.Banking@3246fb96]" started-at="2021-01-18T22:55:58 SAST" name="afterSuite" finished-at="2021-01-18T22:55:58 SAST" duration-ms="1" status="PASS">
          <reporter-output>
          </reporter-output>
        </test-method> <!-- afterSuite -->
      </class> <!-- Demo.Banking -->
    </test> <!-- Other Loans -->
    <test started-at="2021-01-18T22:55:58 SAST" name="Personal Loan" finished-at="2021-01-18T22:55:58 SAST" duration-ms="16">
    </test> <!-- Personal Loan -->
    <test started-at="2021-01-18T22:55:58 SAST" name="Loan" finished-at="2021-01-18T22:55:58 SAST" duration-ms="211">
      <class name="Demo.Basic">
        <test-method signature="Demo()[pri:0, instance:Demo.Basic@2f465398]" started-at="2021-01-18T22:55:58 SAST" name="Demo" finished-at="2021-01-18T22:55:58 SAST" duration-ms="30" status="PASS">
          <reporter-output>
          </reporter-output>
        </test-method> <!-- Demo -->
        <test-method signature="PracticeDataProviderAnnotation(java.lang.String, java.lang.String)[pri:0, instance:Demo.Basic@2f465398]" started-at="2021-01-18T22:55:58 SAST" name="PracticeDataProviderAnnotation" data-provider="getData" finished-at="2021-01-18T22:55:58 SAST" duration-ms="5" status="PASS">
          <params>
            <param index="0">
              <value>
                <![CDATA[firstusername]]>
              </value>
            </param>
            <param index="1">
              <value>
                <![CDATA[firstpassword]]>
              </value>
            </param>
          </params>
          <reporter-output>
          </reporter-output>
        </test-method> <!-- PracticeDataProviderAnnotation -->
        <test-method signature="PracticeDataProviderAnnotation(java.lang.String, java.lang.String)[pri:0, instance:Demo.Basic@2f465398]" started-at="2021-01-18T22:55:58 SAST" name="PracticeDataProviderAnnotation" data-provider="getData" finished-at="2021-01-18T22:55:58 SAST" duration-ms="3" status="PASS">
          <params>
            <param index="0">
              <value>
                <![CDATA[secondusername]]>
              </value>
            </param>
            <param index="1">
              <value>
                <![CDATA[secondpassword]]>
              </value>
            </param>
          </params>
          <reporter-output>
          </reporter-output>
        </test-method> <!-- PracticeDataProviderAnnotation -->
        <test-method signature="PracticeDataProviderAnnotation(java.lang.String, java.lang.String)[pri:0, instance:Demo.Basic@2f465398]" started-at="2021-01-18T22:55:58 SAST" name="PracticeDataProviderAnnotation" data-provider="getData" finished-at="2021-01-18T22:55:58 SAST" duration-ms="7" status="PASS">
          <params>
            <param index="0">
              <value>
                <![CDATA[thirdusername]]>
              </value>
            </param>
            <param index="1">
              <value>
                <![CDATA[thirdpassword]]>
              </value>
            </param>
          </params>
          <reporter-output>
          </reporter-output>
        </test-method> <!-- PracticeDataProviderAnnotation -->
      </class> <!-- Demo.Basic -->
    </test> <!-- Loan -->
    <test started-at="2021-01-18T22:55:58 SAST" name="Home Loan" finished-at="2021-01-18T22:55:58 SAST" duration-ms="176">
      <class name="Demo.HomeLoan">
        <test-method signature="apiHomeLoan()[pri:0, instance:Demo.HomeLoan@2892dae4]" started-at="2021-01-18T22:55:58 SAST" name="apiHomeLoan" finished-at="2021-01-18T22:55:58 SAST" duration-ms="6" status="PASS">
          <reporter-output>
          </reporter-output>
        </test-method> <!-- apiHomeLoan -->
        <test-method signature="mobileHomeLoan()[pri:0, instance:Demo.HomeLoan@2892dae4]" started-at="2021-01-18T22:55:58 SAST" name="mobileHomeLoan" finished-at="2021-01-18T22:55:58 SAST" duration-ms="47" status="PASS">
          <reporter-output>
          </reporter-output>
        </test-method> <!-- mobileHomeLoan -->
        <test-method signature="webHomeLoan()[pri:0, instance:Demo.HomeLoan@2892dae4]" started-at="2021-01-18T22:55:58 SAST" name="webHomeLoan" finished-at="2021-01-18T22:55:58 SAST" duration-ms="3" status="PASS">
          <reporter-output>
          </reporter-output>
        </test-method> <!-- webHomeLoan -->
      </class> <!-- Demo.HomeLoan -->
    </test> <!-- Home Loan -->
  </suite> <!-- Loan System -->
</testng-results>
